<?xml version="1.0" encoding="UTF-8"?>
<testsuite xmlns:xsi="http://www.w3.org/2001/XMLSchema-instance" xsi:noNamespaceSchemaLocation="https://maven.apache.org/surefire/maven-surefire-plugin/xsd/surefire-test-report.xsd" name="Runner.TestRunner" time="0.274" tests="0" errors="0" skipped="0" failures="0">
  <properties>
    <property name="java.specification.version" value="18"/>
    <property name="sun.cpu.isalist" value="amd64"/>
    <property name="sun.jnu.encoding" value="Cp1252"/>
    <property name="java.class.path" value="C:\Users\Gayathri_Kurapati\Demoproject\Framework\Amazon_Automation\Amazon_Automation\target\test-classes;C:\Users\Gayathri_Kurapati\Demoproject\Framework\Amazon_Automation\Amazon_Automation\target\classes;C:\Users\Gayathri_Kurapati\.m2\repository\junit\junit\4.11\junit-4.11.jar;C:\Users\Gayathri_Kurapati\.m2\repository\org\hamcrest\hamcrest-core\1.3\hamcrest-core-1.3.jar;C:\Users\Gayathri_Kurapati\.m2\repository\javax\javaee-web-api\7.0\javaee-web-api-7.0.jar;C:\Users\Gayathri_Kurapati\.m2\repository\org\glassfish\ozark\ozark\1.0.0-m02\ozark-1.0.0-m02.jar;C:\Users\Gayathri_Kurapati\.m2\repository\javax\mvc\javax.mvc-api\1.0-edr2\javax.mvc-api-1.0-edr2.jar;C:\Users\Gayathri_Kurapati\.m2\repository\org\apache\logging\log4j\log4j-core\2.17.2\log4j-core-2.17.2.jar;C:\Users\Gayathri_Kurapati\.m2\repository\org\apache\logging\log4j\log4j-api\2.17.2\log4j-api-2.17.2.jar;C:\Users\Gayathri_Kurapati\.m2\repository\com\fasterxml\jackson\core\jackson-core\2.13.2\jackson-core-2.13.2.jar;C:\Users\Gayathri_Kurapati\.m2\repository\com\fasterxml\jackson\core\jackson-databind\2.13.2\jackson-databind-2.13.2.jar;C:\Users\Gayathri_Kurapati\.m2\repository\com\fasterxml\jackson\core\jackson-annotations\2.13.2\jackson-annotations-2.13.2.jar;C:\Users\Gayathri_Kurapati\.m2\repository\com\fasterxml\jackson\dataformat\jackson-dataformat-xml\2.13.2\jackson-dataformat-xml-2.13.2.jar;C:\Users\Gayathri_Kurapati\.m2\repository\org\codehaus\woodstox\stax2-api\4.2.1\stax2-api-4.2.1.jar;C:\Users\Gayathri_Kurapati\.m2\repository\com\fasterxml\woodstox\woodstox-core\6.2.7\woodstox-core-6.2.7.jar;C:\Users\Gayathri_Kurapati\.m2\repository\org\apache\commons\commons-csv\1.9.0\commons-csv-1.9.0.jar;C:\Users\Gayathri_Kurapati\.m2\repository\org\seleniumhq\selenium\selenium-java\4.1.3\selenium-java-4.1.3.jar;C:\Users\Gayathri_Kurapati\.m2\repository\org\seleniumhq\selenium\selenium-api\4.1.3\selenium-api-4.1.3.jar;C:\Users\Gayathri_Kurapati\.m2\repository\org\seleniumhq\selenium\selenium-chrome-driver\4.1.3\selenium-chrome-driver-4.1.3.jar;C:\Users\Gayathri_Kurapati\.m2\repository\com\google\auto\service\auto-service-annotations\1.0.1\auto-service-annotations-1.0.1.jar;C:\Users\Gayathri_Kurapati\.m2\repository\com\google\auto\service\auto-service\1.0.1\auto-service-1.0.1.jar;C:\Users\Gayathri_Kurapati\.m2\repository\com\google\auto\auto-common\1.2\auto-common-1.2.jar;C:\Users\Gayathri_Kurapati\.m2\repository\com\google\guava\guava\31.1-jre\guava-31.1-jre.jar;C:\Users\Gayathri_Kurapati\.m2\repository\com\google\guava\failureaccess\1.0.1\failureaccess-1.0.1.jar;C:\Users\Gayathri_Kurapati\.m2\repository\com\google\guava\listenablefuture\9999.0-empty-to-avoid-conflict-with-guava\listenablefuture-9999.0-empty-to-avoid-conflict-with-guava.jar;C:\Users\Gayathri_Kurapati\.m2\repository\org\checkerframework\checker-qual\3.12.0\checker-qual-3.12.0.jar;C:\Users\Gayathri_Kurapati\.m2\repository\com\google\errorprone\error_prone_annotations\2.11.0\error_prone_annotations-2.11.0.jar;C:\Users\Gayathri_Kurapati\.m2\repository\com\google\j2objc\j2objc-annotations\1.3\j2objc-annotations-1.3.jar;C:\Users\Gayathri_Kurapati\.m2\repository\org\seleniumhq\selenium\selenium-chromium-driver\4.1.3\selenium-chromium-driver-4.1.3.jar;C:\Users\Gayathri_Kurapati\.m2\repository\org\seleniumhq\selenium\selenium-json\4.1.3\selenium-json-4.1.3.jar;C:\Users\Gayathri_Kurapati\.m2\repository\org\seleniumhq\selenium\selenium-devtools-v85\4.1.3\selenium-devtools-v85-4.1.3.jar;C:\Users\Gayathri_Kurapati\.m2\repository\org\seleniumhq\selenium\selenium-devtools-v97\4.1.3\selenium-devtools-v97-4.1.3.jar;C:\Users\Gayathri_Kurapati\.m2\repository\org\seleniumhq\selenium\selenium-devtools-v98\4.1.3\selenium-devtools-v98-4.1.3.jar;C:\Users\Gayathri_Kurapati\.m2\repository\org\seleniumhq\selenium\selenium-devtools-v99\4.1.3\selenium-devtools-v99-4.1.3.jar;C:\Users\Gayathri_Kurapati\.m2\repository\org\seleniumhq\selenium\selenium-edge-driver\4.1.3\selenium-edge-driver-4.1.3.jar;C:\Users\Gayathri_Kurapati\.m2\repository\org\seleniumhq\selenium\selenium-firefox-driver\4.1.3\selenium-firefox-driver-4.1.3.jar;C:\Users\Gayathri_Kurapati\.m2\repository\org\seleniumhq\selenium\selenium-ie-driver\4.1.3\selenium-ie-driver-4.1.3.jar;C:\Users\Gayathri_Kurapati\.m2\repository\org\seleniumhq\selenium\selenium-opera-driver\4.1.3\selenium-opera-driver-4.1.3.jar;C:\Users\Gayathri_Kurapati\.m2\repository\org\seleniumhq\selenium\selenium-remote-driver\4.1.3\selenium-remote-driver-4.1.3.jar;C:\Users\Gayathri_Kurapati\.m2\repository\com\beust\jcommander\1.82\jcommander-1.82.jar;C:\Users\Gayathri_Kurapati\.m2\repository\io\netty\netty-buffer\4.1.75.Final\netty-buffer-4.1.75.Final.jar;C:\Users\Gayathri_Kurapati\.m2\repository\io\netty\netty-codec-http\4.1.75.Final\netty-codec-http-4.1.75.Final.jar;C:\Users\Gayathri_Kurapati\.m2\repository\io\netty\netty-codec\4.1.75.Final\netty-codec-4.1.75.Final.jar;C:\Users\Gayathri_Kurapati\.m2\repository\io\netty\netty-handler\4.1.75.Final\netty-handler-4.1.75.Final.jar;C:\Users\Gayathri_Kurapati\.m2\repository\io\netty\netty-common\4.1.75.Final\netty-common-4.1.75.Final.jar;C:\Users\Gayathri_Kurapati\.m2\repository\io\netty\netty-transport-classes-epoll\4.1.75.Final\netty-transport-classes-epoll-4.1.75.Final.jar;C:\Users\Gayathri_Kurapati\.m2\repository\io\netty\netty-transport-classes-kqueue\4.1.75.Final\netty-transport-classes-kqueue-4.1.75.Final.jar;C:\Users\Gayathri_Kurapati\.m2\repository\io\netty\netty-transport-native-epoll\4.1.75.Final\netty-transport-native-epoll-4.1.75.Final.jar;C:\Users\Gayathri_Kurapati\.m2\repository\io\netty\netty-transport-native-kqueue\4.1.75.Final\netty-transport-native-kqueue-4.1.75.Final.jar;C:\Users\Gayathri_Kurapati\.m2\repository\io\netty\netty-transport-native-unix-common\4.1.75.Final\netty-transport-native-unix-common-4.1.75.Final.jar;C:\Users\Gayathri_Kurapati\.m2\repository\io\netty\netty-transport\4.1.75.Final\netty-transport-4.1.75.Final.jar;C:\Users\Gayathri_Kurapati\.m2\repository\io\netty\netty-resolver\4.1.75.Final\netty-resolver-4.1.75.Final.jar;C:\Users\Gayathri_Kurapati\.m2\repository\io\opentelemetry\opentelemetry-api\1.12.0\opentelemetry-api-1.12.0.jar;C:\Users\Gayathri_Kurapati\.m2\repository\io\opentelemetry\opentelemetry-context\1.12.0\opentelemetry-context-1.12.0.jar;C:\Users\Gayathri_Kurapati\.m2\repository\io\opentelemetry\opentelemetry-exporter-logging\1.12.0\opentelemetry-exporter-logging-1.12.0.jar;C:\Users\Gayathri_Kurapati\.m2\repository\io\opentelemetry\opentelemetry-sdk-metrics\1.12.0-alpha\opentelemetry-sdk-metrics-1.12.0-alpha.jar;C:\Users\Gayathri_Kurapati\.m2\repository\io\opentelemetry\opentelemetry-sdk-logs\1.12.0-alpha\opentelemetry-sdk-logs-1.12.0-alpha.jar;C:\Users\Gayathri_Kurapati\.m2\repository\io\opentelemetry\opentelemetry-sdk-common\1.12.0\opentelemetry-sdk-common-1.12.0.jar;C:\Users\Gayathri_Kurapati\.m2\repository\io\opentelemetry\opentelemetry-sdk-extension-autoconfigure-spi\1.12.0\opentelemetry-sdk-extension-autoconfigure-spi-1.12.0.jar;C:\Users\Gayathri_Kurapati\.m2\repository\io\opentelemetry\opentelemetry-sdk-extension-autoconfigure\1.12.0-alpha\opentelemetry-sdk-extension-autoconfigure-1.12.0-alpha.jar;C:\Users\Gayathri_Kurapati\.m2\repository\io\opentelemetry\opentelemetry-sdk-trace\1.12.0\opentelemetry-sdk-trace-1.12.0.jar;C:\Users\Gayathri_Kurapati\.m2\repository\io\opentelemetry\opentelemetry-sdk\1.12.0\opentelemetry-sdk-1.12.0.jar;C:\Users\Gayathri_Kurapati\.m2\repository\io\opentelemetry\opentelemetry-semconv\1.12.0-alpha\opentelemetry-semconv-1.12.0-alpha.jar;C:\Users\Gayathri_Kurapati\.m2\repository\io\ous\jtoml\2.0.0\jtoml-2.0.0.jar;C:\Users\Gayathri_Kurapati\.m2\repository\net\bytebuddy\byte-buddy\1.12.8\byte-buddy-1.12.8.jar;C:\Users\Gayathri_Kurapati\.m2\repository\org\apache\commons\commons-exec\1.3\commons-exec-1.3.jar;C:\Users\Gayathri_Kurapati\.m2\repository\org\asynchttpclient\async-http-client\2.12.3\async-http-client-2.12.3.jar;C:\Users\Gayathri_Kurapati\.m2\repository\org\asynchttpclient\async-http-client-netty-utils\2.12.3\async-http-client-netty-utils-2.12.3.jar;C:\Users\Gayathri_Kurapati\.m2\repository\io\netty\netty-codec-socks\4.1.60.Final\netty-codec-socks-4.1.60.Final.jar;C:\Users\Gayathri_Kurapati\.m2\repository\io\netty\netty-handler-proxy\4.1.60.Final\netty-handler-proxy-4.1.60.Final.jar;C:\Users\Gayathri_Kurapati\.m2\repository\io\netty\netty-transport-native-epoll\4.1.60.Final\netty-transport-native-epoll-4.1.60.Final-linux-x86_64.jar;C:\Users\Gayathri_Kurapati\.m2\repository\io\netty\netty-transport-native-kqueue\4.1.60.Final\netty-transport-native-kqueue-4.1.60.Final-osx-x86_64.jar;C:\Users\Gayathri_Kurapati\.m2\repository\org\reactivestreams\reactive-streams\1.0.3\reactive-streams-1.0.3.jar;C:\Users\Gayathri_Kurapati\.m2\repository\com\typesafe\netty\netty-reactive-streams\2.0.4\netty-reactive-streams-2.0.4.jar;C:\Users\Gayathri_Kurapati\.m2\repository\com\sun\activation\jakarta.activation\1.2.2\jakarta.activation-1.2.2.jar;C:\Users\Gayathri_Kurapati\.m2\repository\org\seleniumhq\selenium\selenium-http\4.1.3\selenium-http-4.1.3.jar;C:\Users\Gayathri_Kurapati\.m2\repository\dev\failsafe\failsafe\3.2.3\failsafe-3.2.3.jar;C:\Users\Gayathri_Kurapati\.m2\repository\org\seleniumhq\selenium\selenium-safari-driver\4.1.3\selenium-safari-driver-4.1.3.jar;C:\Users\Gayathri_Kurapati\.m2\repository\org\seleniumhq\selenium\selenium-support\4.1.3\selenium-support-4.1.3.jar;C:\Users\Gayathri_Kurapati\.m2\repository\io\cucumber\cucumber-testng\7.3.4\cucumber-testng-7.3.4.jar;C:\Users\Gayathri_Kurapati\.m2\repository\org\apiguardian\apiguardian-api\1.1.2\apiguardian-api-1.1.2.jar;C:\Users\Gayathri_Kurapati\.m2\repository\io\cucumber\cucumber-core\7.3.4\cucumber-core-7.3.4.jar;C:\Users\Gayathri_Kurapati\.m2\repository\io\cucumber\cucumber-gherkin-messages\7.3.4\cucumber-gherkin-messages-7.3.4.jar;C:\Users\Gayathri_Kurapati\.m2\repository\io\cucumber\gherkin\23.0.1\gherkin-23.0.1.jar;C:\Users\Gayathri_Kurapati\.m2\repository\io\cucumber\messages\18.0.0\messages-18.0.0.jar;C:\Users\Gayathri_Kurapati\.m2\repository\io\cucumber\tag-expressions\4.1.0\tag-expressions-4.1.0.jar;C:\Users\Gayathri_Kurapati\.m2\repository\io\cucumber\cucumber-expressions\15.1.1\cucumber-expressions-15.1.1.jar;C:\Users\Gayathri_Kurapati\.m2\repository\io\cucumber\datatable\7.3.4\datatable-7.3.4.jar;C:\Users\Gayathri_Kurapati\.m2\repository\io\cucumber\docstring\7.3.4\docstring-7.3.4.jar;C:\Users\Gayathri_Kurapati\.m2\repository\io\cucumber\html-formatter\19.1.0\html-formatter-19.1.0.jar;C:\Users\Gayathri_Kurapati\.m2\repository\io\cucumber\ci-environment\9.0.4\ci-environment-9.0.4.jar;C:\Users\Gayathri_Kurapati\.m2\repository\org\testng\testng\7.5\testng-7.5.jar;C:\Users\Gayathri_Kurapati\.m2\repository\org\webjars\jquery\3.5.1\jquery-3.5.1.jar;C:\Users\Gayathri_Kurapati\.m2\repository\io\cucumber\cucumber-junit\7.3.4\cucumber-junit-7.3.4.jar;C:\Users\Gayathri_Kurapati\.m2\repository\io\cucumber\cucumber-java\7.3.4\cucumber-java-7.3.4.jar;C:\Users\Gayathri_Kurapati\.m2\repository\io\cucumber\cucumber-plugin\7.3.4\cucumber-plugin-7.3.4.jar;C:\Users\Gayathri_Kurapati\.m2\repository\io\github\bonigarcia\webdrivermanager\5.1.1\webdrivermanager-5.1.1.jar;C:\Users\Gayathri_Kurapati\.m2\repository\org\slf4j\slf4j-api\1.7.36\slf4j-api-1.7.36.jar;C:\Users\Gayathri_Kurapati\.m2\repository\com\google\code\gson\gson\2.9.0\gson-2.9.0.jar;C:\Users\Gayathri_Kurapati\.m2\repository\com\github\docker-java\docker-java\3.2.13\docker-java-3.2.13.jar;C:\Users\Gayathri_Kurapati\.m2\repository\com\github\docker-java\docker-java-core\3.2.13\docker-java-core-3.2.13.jar;C:\Users\Gayathri_Kurapati\.m2\repository\com\github\docker-java\docker-java-api\3.2.13\docker-java-api-3.2.13.jar;C:\Users\Gayathri_Kurapati\.m2\repository\commons-io\commons-io\2.6\commons-io-2.6.jar;C:\Users\Gayathri_Kurapati\.m2\repository\org\apache\commons\commons-compress\1.21\commons-compress-1.21.jar;C:\Users\Gayathri_Kurapati\.m2\repository\org\bouncycastle\bcpkix-jdk15on\1.64\bcpkix-jdk15on-1.64.jar;C:\Users\Gayathri_Kurapati\.m2\repository\org\bouncycastle\bcprov-jdk15on\1.64\bcprov-jdk15on-1.64.jar;C:\Users\Gayathri_Kurapati\.m2\repository\org\slf4j\jcl-over-slf4j\1.7.30\jcl-over-slf4j-1.7.30.jar;C:\Users\Gayathri_Kurapati\.m2\repository\com\github\docker-java\docker-java-transport-httpclient5\3.2.13\docker-java-transport-httpclient5-3.2.13.jar;C:\Users\Gayathri_Kurapati\.m2\repository\com\github\docker-java\docker-java-transport\3.2.13\docker-java-transport-3.2.13.jar;C:\Users\Gayathri_Kurapati\.m2\repository\net\java\dev\jna\jna\5.8.0\jna-5.8.0.jar;C:\Users\Gayathri_Kurapati\.m2\repository\org\brotli\dec\0.1.2\dec-0.1.2.jar;C:\Users\Gayathri_Kurapati\.m2\repository\org\apache\commons\commons-lang3\3.12.0\commons-lang3-3.12.0.jar;C:\Users\Gayathri_Kurapati\.m2\repository\org\apache\httpcomponents\client5\httpclient5\5.1.3\httpclient5-5.1.3.jar;C:\Users\Gayathri_Kurapati\.m2\repository\org\apache\httpcomponents\core5\httpcore5\5.1.3\httpcore5-5.1.3.jar;C:\Users\Gayathri_Kurapati\.m2\repository\org\apache\httpcomponents\core5\httpcore5-h2\5.1.3\httpcore5-h2-5.1.3.jar;C:\Users\Gayathri_Kurapati\.m2\repository\commons-codec\commons-codec\1.15\commons-codec-1.15.jar;C:\Users\Gayathri_Kurapati\.m2\repository\com\github\javafaker\javafaker\1.0.2\javafaker-1.0.2.jar;C:\Users\Gayathri_Kurapati\.m2\repository\org\yaml\snakeyaml\1.23\snakeyaml-1.23-android.jar;C:\Users\Gayathri_Kurapati\.m2\repository\com\github\mifmif\generex\1.0.2\generex-1.0.2.jar;C:\Users\Gayathri_Kurapati\.m2\repository\dk\brics\automaton\automaton\1.11-8\automaton-1.11-8.jar;C:\Users\Gayathri_Kurapati\.m2\repository\com\epam\reportportal\agent-java-cucumber6\5.1.2\agent-java-cucumber6-5.1.2.jar;C:\Users\Gayathri_Kurapati\.m2\repository\com\epam\reportportal\client-java\5.1.9\client-java-5.1.9.jar;C:\Users\Gayathri_Kurapati\.m2\repository\io\reactivex\rxjava2\rxjava\2.2.10\rxjava-2.2.10.jar;C:\Users\Gayathri_Kurapati\.m2\repository\com\squareup\retrofit2\retrofit\2.9.0\retrofit-2.9.0.jar;C:\Users\Gayathri_Kurapati\.m2\repository\com\squareup\okhttp3\okhttp\3.14.9\okhttp-3.14.9.jar;C:\Users\Gayathri_Kurapati\.m2\repository\com\squareup\okio\okio\1.17.2\okio-1.17.2.jar;C:\Users\Gayathri_Kurapati\.m2\repository\org\aspectj\aspectjrt\1.9.2\aspectjrt-1.9.2.jar;C:\Users\Gayathri_Kurapati\.m2\repository\com\squareup\retrofit2\converter-scalars\2.9.0\converter-scalars-2.9.0.jar;C:\Users\Gayathri_Kurapati\.m2\repository\com\squareup\retrofit2\converter-jackson\2.9.0\converter-jackson-2.9.0.jar;C:\Users\Gayathri_Kurapati\.m2\repository\com\squareup\retrofit2\adapter-rxjava2\2.9.0\adapter-rxjava2-2.9.0.jar;C:\Users\Gayathri_Kurapati\.m2\repository\com\squareup\okhttp3\logging-interceptor\3.14.9\logging-interceptor-3.14.9.jar;C:\Users\Gayathri_Kurapati\.m2\repository\org\aspectj\aspectjweaver\1.9.2\aspectjweaver-1.9.2.jar;C:\Users\Gayathri_Kurapati\.m2\repository\com\epam\reportportal\commons-model\5.0.0\commons-model-5.0.0.jar;C:\Users\Gayathri_Kurapati\.m2\repository\io\swagger\swagger-annotations\1.5.24\swagger-annotations-1.5.24.jar;C:\Users\Gayathri_Kurapati\.m2\repository\javax\validation\validation-api\2.0.1.Final\validation-api-2.0.1.Final.jar;C:\Users\Gayathri_Kurapati\.m2\repository\com\google\code\findbugs\jsr305\3.0.2\jsr305-3.0.2.jar;C:\Users\Gayathri_Kurapati\.m2\repository\io\cucumber\cucumber-gherkin\7.2.3\cucumber-gherkin-7.2.3.jar;C:\Users\Gayathri_Kurapati\.m2\repository\com\epam\reportportal\agent-java-testng\5.1.2\agent-java-testng-5.1.2.jar;"/>
    <property name="java.vm.vendor" value="Oracle Corporation"/>
    <property name="sun.arch.data.model" value="64"/>
    <property name="user.variant" value=""/>
    <property name="java.vendor.url" value="https://java.oracle.com/"/>
    <property name="user.timezone" value="Asia/Calcutta"/>
    <property name="os.name" value="Windows 10"/>
    <property name="java.vm.specification.version" value="18"/>
    <property name="sun.java.launcher" value="SUN_STANDARD"/>
    <property name="user.country" value="IN"/>
    <property name="sun.boot.library.path" value="C:\Users\Gayathri_Kurapati\.jdks\openjdk-18.0.1.1\bin"/>
    <property name="sun.java.command" value="C:\Users\GAYATH~1\AppData\Local\Temp\surefire16246507500652930442\surefirebooter806381881013679324.jar C:\Users\Gayathri_Kurapati\AppData\Local\Temp\surefire16246507500652930442 2022-06-05T15-31-47_916-jvmRun1 surefire11946695169218699151tmp surefire_017622190980171483957tmp"/>
    <property name="jdk.debug" value="release"/>
    <property name="surefire.test.class.path" value="C:\Users\Gayathri_Kurapati\Demoproject\Framework\Amazon_Automation\Amazon_Automation\target\test-classes;C:\Users\Gayathri_Kurapati\Demoproject\Framework\Amazon_Automation\Amazon_Automation\target\classes;C:\Users\Gayathri_Kurapati\.m2\repository\junit\junit\4.11\junit-4.11.jar;C:\Users\Gayathri_Kurapati\.m2\repository\org\hamcrest\hamcrest-core\1.3\hamcrest-core-1.3.jar;C:\Users\Gayathri_Kurapati\.m2\repository\javax\javaee-web-api\7.0\javaee-web-api-7.0.jar;C:\Users\Gayathri_Kurapati\.m2\repository\org\glassfish\ozark\ozark\1.0.0-m02\ozark-1.0.0-m02.jar;C:\Users\Gayathri_Kurapati\.m2\repository\javax\mvc\javax.mvc-api\1.0-edr2\javax.mvc-api-1.0-edr2.jar;C:\Users\Gayathri_Kurapati\.m2\repository\org\apache\logging\log4j\log4j-core\2.17.2\log4j-core-2.17.2.jar;C:\Users\Gayathri_Kurapati\.m2\repository\org\apache\logging\log4j\log4j-api\2.17.2\log4j-api-2.17.2.jar;C:\Users\Gayathri_Kurapati\.m2\repository\com\fasterxml\jackson\core\jackson-core\2.13.2\jackson-core-2.13.2.jar;C:\Users\Gayathri_Kurapati\.m2\repository\com\fasterxml\jackson\core\jackson-databind\2.13.2\jackson-databind-2.13.2.jar;C:\Users\Gayathri_Kurapati\.m2\repository\com\fasterxml\jackson\core\jackson-annotations\2.13.2\jackson-annotations-2.13.2.jar;C:\Users\Gayathri_Kurapati\.m2\repository\com\fasterxml\jackson\dataformat\jackson-dataformat-xml\2.13.2\jackson-dataformat-xml-2.13.2.jar;C:\Users\Gayathri_Kurapati\.m2\repository\org\codehaus\woodstox\stax2-api\4.2.1\stax2-api-4.2.1.jar;C:\Users\Gayathri_Kurapati\.m2\repository\com\fasterxml\woodstox\woodstox-core\6.2.7\woodstox-core-6.2.7.jar;C:\Users\Gayathri_Kurapati\.m2\repository\org\apache\commons\commons-csv\1.9.0\commons-csv-1.9.0.jar;C:\Users\Gayathri_Kurapati\.m2\repository\org\seleniumhq\selenium\selenium-java\4.1.3\selenium-java-4.1.3.jar;C:\Users\Gayathri_Kurapati\.m2\repository\org\seleniumhq\selenium\selenium-api\4.1.3\selenium-api-4.1.3.jar;C:\Users\Gayathri_Kurapati\.m2\repository\org\seleniumhq\selenium\selenium-chrome-driver\4.1.3\selenium-chrome-driver-4.1.3.jar;C:\Users\Gayathri_Kurapati\.m2\repository\com\google\auto\service\auto-service-annotations\1.0.1\auto-service-annotations-1.0.1.jar;C:\Users\Gayathri_Kurapati\.m2\repository\com\google\auto\service\auto-service\1.0.1\auto-service-1.0.1.jar;C:\Users\Gayathri_Kurapati\.m2\repository\com\google\auto\auto-common\1.2\auto-common-1.2.jar;C:\Users\Gayathri_Kurapati\.m2\repository\com\google\guava\guava\31.1-jre\guava-31.1-jre.jar;C:\Users\Gayathri_Kurapati\.m2\repository\com\google\guava\failureaccess\1.0.1\failureaccess-1.0.1.jar;C:\Users\Gayathri_Kurapati\.m2\repository\com\google\guava\listenablefuture\9999.0-empty-to-avoid-conflict-with-guava\listenablefuture-9999.0-empty-to-avoid-conflict-with-guava.jar;C:\Users\Gayathri_Kurapati\.m2\repository\org\checkerframework\checker-qual\3.12.0\checker-qual-3.12.0.jar;C:\Users\Gayathri_Kurapati\.m2\repository\com\google\errorprone\error_prone_annotations\2.11.0\error_prone_annotations-2.11.0.jar;C:\Users\Gayathri_Kurapati\.m2\repository\com\google\j2objc\j2objc-annotations\1.3\j2objc-annotations-1.3.jar;C:\Users\Gayathri_Kurapati\.m2\repository\org\seleniumhq\selenium\selenium-chromium-driver\4.1.3\selenium-chromium-driver-4.1.3.jar;C:\Users\Gayathri_Kurapati\.m2\repository\org\seleniumhq\selenium\selenium-json\4.1.3\selenium-json-4.1.3.jar;C:\Users\Gayathri_Kurapati\.m2\repository\org\seleniumhq\selenium\selenium-devtools-v85\4.1.3\selenium-devtools-v85-4.1.3.jar;C:\Users\Gayathri_Kurapati\.m2\repository\org\seleniumhq\selenium\selenium-devtools-v97\4.1.3\selenium-devtools-v97-4.1.3.jar;C:\Users\Gayathri_Kurapati\.m2\repository\org\seleniumhq\selenium\selenium-devtools-v98\4.1.3\selenium-devtools-v98-4.1.3.jar;C:\Users\Gayathri_Kurapati\.m2\repository\org\seleniumhq\selenium\selenium-devtools-v99\4.1.3\selenium-devtools-v99-4.1.3.jar;C:\Users\Gayathri_Kurapati\.m2\repository\org\seleniumhq\selenium\selenium-edge-driver\4.1.3\selenium-edge-driver-4.1.3.jar;C:\Users\Gayathri_Kurapati\.m2\repository\org\seleniumhq\selenium\selenium-firefox-driver\4.1.3\selenium-firefox-driver-4.1.3.jar;C:\Users\Gayathri_Kurapati\.m2\repository\org\seleniumhq\selenium\selenium-ie-driver\4.1.3\selenium-ie-driver-4.1.3.jar;C:\Users\Gayathri_Kurapati\.m2\repository\org\seleniumhq\selenium\selenium-opera-driver\4.1.3\selenium-opera-driver-4.1.3.jar;C:\Users\Gayathri_Kurapati\.m2\repository\org\seleniumhq\selenium\selenium-remote-driver\4.1.3\selenium-remote-driver-4.1.3.jar;C:\Users\Gayathri_Kurapati\.m2\repository\com\beust\jcommander\1.82\jcommander-1.82.jar;C:\Users\Gayathri_Kurapati\.m2\repository\io\netty\netty-buffer\4.1.75.Final\netty-buffer-4.1.75.Final.jar;C:\Users\Gayathri_Kurapati\.m2\repository\io\netty\netty-codec-http\4.1.75.Final\netty-codec-http-4.1.75.Final.jar;C:\Users\Gayathri_Kurapati\.m2\repository\io\netty\netty-codec\4.1.75.Final\netty-codec-4.1.75.Final.jar;C:\Users\Gayathri_Kurapati\.m2\repository\io\netty\netty-handler\4.1.75.Final\netty-handler-4.1.75.Final.jar;C:\Users\Gayathri_Kurapati\.m2\repository\io\netty\netty-common\4.1.75.Final\netty-common-4.1.75.Final.jar;C:\Users\Gayathri_Kurapati\.m2\repository\io\netty\netty-transport-classes-epoll\4.1.75.Final\netty-transport-classes-epoll-4.1.75.Final.jar;C:\Users\Gayathri_Kurapati\.m2\repository\io\netty\netty-transport-classes-kqueue\4.1.75.Final\netty-transport-classes-kqueue-4.1.75.Final.jar;C:\Users\Gayathri_Kurapati\.m2\repository\io\netty\netty-transport-native-epoll\4.1.75.Final\netty-transport-native-epoll-4.1.75.Final.jar;C:\Users\Gayathri_Kurapati\.m2\repository\io\netty\netty-transport-native-kqueue\4.1.75.Final\netty-transport-native-kqueue-4.1.75.Final.jar;C:\Users\Gayathri_Kurapati\.m2\repository\io\netty\netty-transport-native-unix-common\4.1.75.Final\netty-transport-native-unix-common-4.1.75.Final.jar;C:\Users\Gayathri_Kurapati\.m2\repository\io\netty\netty-transport\4.1.75.Final\netty-transport-4.1.75.Final.jar;C:\Users\Gayathri_Kurapati\.m2\repository\io\netty\netty-resolver\4.1.75.Final\netty-resolver-4.1.75.Final.jar;C:\Users\Gayathri_Kurapati\.m2\repository\io\opentelemetry\opentelemetry-api\1.12.0\opentelemetry-api-1.12.0.jar;C:\Users\Gayathri_Kurapati\.m2\repository\io\opentelemetry\opentelemetry-context\1.12.0\opentelemetry-context-1.12.0.jar;C:\Users\Gayathri_Kurapati\.m2\repository\io\opentelemetry\opentelemetry-exporter-logging\1.12.0\opentelemetry-exporter-logging-1.12.0.jar;C:\Users\Gayathri_Kurapati\.m2\repository\io\opentelemetry\opentelemetry-sdk-metrics\1.12.0-alpha\opentelemetry-sdk-metrics-1.12.0-alpha.jar;C:\Users\Gayathri_Kurapati\.m2\repository\io\opentelemetry\opentelemetry-sdk-logs\1.12.0-alpha\opentelemetry-sdk-logs-1.12.0-alpha.jar;C:\Users\Gayathri_Kurapati\.m2\repository\io\opentelemetry\opentelemetry-sdk-common\1.12.0\opentelemetry-sdk-common-1.12.0.jar;C:\Users\Gayathri_Kurapati\.m2\repository\io\opentelemetry\opentelemetry-sdk-extension-autoconfigure-spi\1.12.0\opentelemetry-sdk-extension-autoconfigure-spi-1.12.0.jar;C:\Users\Gayathri_Kurapati\.m2\repository\io\opentelemetry\opentelemetry-sdk-extension-autoconfigure\1.12.0-alpha\opentelemetry-sdk-extension-autoconfigure-1.12.0-alpha.jar;C:\Users\Gayathri_Kurapati\.m2\repository\io\opentelemetry\opentelemetry-sdk-trace\1.12.0\opentelemetry-sdk-trace-1.12.0.jar;C:\Users\Gayathri_Kurapati\.m2\repository\io\opentelemetry\opentelemetry-sdk\1.12.0\opentelemetry-sdk-1.12.0.jar;C:\Users\Gayathri_Kurapati\.m2\repository\io\opentelemetry\opentelemetry-semconv\1.12.0-alpha\opentelemetry-semconv-1.12.0-alpha.jar;C:\Users\Gayathri_Kurapati\.m2\repository\io\ous\jtoml\2.0.0\jtoml-2.0.0.jar;C:\Users\Gayathri_Kurapati\.m2\repository\net\bytebuddy\byte-buddy\1.12.8\byte-buddy-1.12.8.jar;C:\Users\Gayathri_Kurapati\.m2\repository\org\apache\commons\commons-exec\1.3\commons-exec-1.3.jar;C:\Users\Gayathri_Kurapati\.m2\repository\org\asynchttpclient\async-http-client\2.12.3\async-http-client-2.12.3.jar;C:\Users\Gayathri_Kurapati\.m2\repository\org\asynchttpclient\async-http-client-netty-utils\2.12.3\async-http-client-netty-utils-2.12.3.jar;C:\Users\Gayathri_Kurapati\.m2\repository\io\netty\netty-codec-socks\4.1.60.Final\netty-codec-socks-4.1.60.Final.jar;C:\Users\Gayathri_Kurapati\.m2\repository\io\netty\netty-handler-proxy\4.1.60.Final\netty-handler-proxy-4.1.60.Final.jar;C:\Users\Gayathri_Kurapati\.m2\repository\io\netty\netty-transport-native-epoll\4.1.60.Final\netty-transport-native-epoll-4.1.60.Final-linux-x86_64.jar;C:\Users\Gayathri_Kurapati\.m2\repository\io\netty\netty-transport-native-kqueue\4.1.60.Final\netty-transport-native-kqueue-4.1.60.Final-osx-x86_64.jar;C:\Users\Gayathri_Kurapati\.m2\repository\org\reactivestreams\reactive-streams\1.0.3\reactive-streams-1.0.3.jar;C:\Users\Gayathri_Kurapati\.m2\repository\com\typesafe\netty\netty-reactive-streams\2.0.4\netty-reactive-streams-2.0.4.jar;C:\Users\Gayathri_Kurapati\.m2\repository\com\sun\activation\jakarta.activation\1.2.2\jakarta.activation-1.2.2.jar;C:\Users\Gayathri_Kurapati\.m2\repository\org\seleniumhq\selenium\selenium-http\4.1.3\selenium-http-4.1.3.jar;C:\Users\Gayathri_Kurapati\.m2\repository\dev\failsafe\failsafe\3.2.3\failsafe-3.2.3.jar;C:\Users\Gayathri_Kurapati\.m2\repository\org\seleniumhq\selenium\selenium-safari-driver\4.1.3\selenium-safari-driver-4.1.3.jar;C:\Users\Gayathri_Kurapati\.m2\repository\org\seleniumhq\selenium\selenium-support\4.1.3\selenium-support-4.1.3.jar;C:\Users\Gayathri_Kurapati\.m2\repository\io\cucumber\cucumber-testng\7.3.4\cucumber-testng-7.3.4.jar;C:\Users\Gayathri_Kurapati\.m2\repository\org\apiguardian\apiguardian-api\1.1.2\apiguardian-api-1.1.2.jar;C:\Users\Gayathri_Kurapati\.m2\repository\io\cucumber\cucumber-core\7.3.4\cucumber-core-7.3.4.jar;C:\Users\Gayathri_Kurapati\.m2\repository\io\cucumber\cucumber-gherkin-messages\7.3.4\cucumber-gherkin-messages-7.3.4.jar;C:\Users\Gayathri_Kurapati\.m2\repository\io\cucumber\gherkin\23.0.1\gherkin-23.0.1.jar;C:\Users\Gayathri_Kurapati\.m2\repository\io\cucumber\messages\18.0.0\messages-18.0.0.jar;C:\Users\Gayathri_Kurapati\.m2\repository\io\cucumber\tag-expressions\4.1.0\tag-expressions-4.1.0.jar;C:\Users\Gayathri_Kurapati\.m2\repository\io\cucumber\cucumber-expressions\15.1.1\cucumber-expressions-15.1.1.jar;C:\Users\Gayathri_Kurapati\.m2\repository\io\cucumber\datatable\7.3.4\datatable-7.3.4.jar;C:\Users\Gayathri_Kurapati\.m2\repository\io\cucumber\docstring\7.3.4\docstring-7.3.4.jar;C:\Users\Gayathri_Kurapati\.m2\repository\io\cucumber\html-formatter\19.1.0\html-formatter-19.1.0.jar;C:\Users\Gayathri_Kurapati\.m2\repository\io\cucumber\ci-environment\9.0.4\ci-environment-9.0.4.jar;C:\Users\Gayathri_Kurapati\.m2\repository\org\testng\testng\7.5\testng-7.5.jar;C:\Users\Gayathri_Kurapati\.m2\repository\org\webjars\jquery\3.5.1\jquery-3.5.1.jar;C:\Users\Gayathri_Kurapati\.m2\repository\io\cucumber\cucumber-junit\7.3.4\cucumber-junit-7.3.4.jar;C:\Users\Gayathri_Kurapati\.m2\repository\io\cucumber\cucumber-java\7.3.4\cucumber-java-7.3.4.jar;C:\Users\Gayathri_Kurapati\.m2\repository\io\cucumber\cucumber-plugin\7.3.4\cucumber-plugin-7.3.4.jar;C:\Users\Gayathri_Kurapati\.m2\repository\io\github\bonigarcia\webdrivermanager\5.1.1\webdrivermanager-5.1.1.jar;C:\Users\Gayathri_Kurapati\.m2\repository\org\slf4j\slf4j-api\1.7.36\slf4j-api-1.7.36.jar;C:\Users\Gayathri_Kurapati\.m2\repository\com\google\code\gson\gson\2.9.0\gson-2.9.0.jar;C:\Users\Gayathri_Kurapati\.m2\repository\com\github\docker-java\docker-java\3.2.13\docker-java-3.2.13.jar;C:\Users\Gayathri_Kurapati\.m2\repository\com\github\docker-java\docker-java-core\3.2.13\docker-java-core-3.2.13.jar;C:\Users\Gayathri_Kurapati\.m2\repository\com\github\docker-java\docker-java-api\3.2.13\docker-java-api-3.2.13.jar;C:\Users\Gayathri_Kurapati\.m2\repository\commons-io\commons-io\2.6\commons-io-2.6.jar;C:\Users\Gayathri_Kurapati\.m2\repository\org\apache\commons\commons-compress\1.21\commons-compress-1.21.jar;C:\Users\Gayathri_Kurapati\.m2\repository\org\bouncycastle\bcpkix-jdk15on\1.64\bcpkix-jdk15on-1.64.jar;C:\Users\Gayathri_Kurapati\.m2\repository\org\bouncycastle\bcprov-jdk15on\1.64\bcprov-jdk15on-1.64.jar;C:\Users\Gayathri_Kurapati\.m2\repository\org\slf4j\jcl-over-slf4j\1.7.30\jcl-over-slf4j-1.7.30.jar;C:\Users\Gayathri_Kurapati\.m2\repository\com\github\docker-java\docker-java-transport-httpclient5\3.2.13\docker-java-transport-httpclient5-3.2.13.jar;C:\Users\Gayathri_Kurapati\.m2\repository\com\github\docker-java\docker-java-transport\3.2.13\docker-java-transport-3.2.13.jar;C:\Users\Gayathri_Kurapati\.m2\repository\net\java\dev\jna\jna\5.8.0\jna-5.8.0.jar;C:\Users\Gayathri_Kurapati\.m2\repository\org\brotli\dec\0.1.2\dec-0.1.2.jar;C:\Users\Gayathri_Kurapati\.m2\repository\org\apache\commons\commons-lang3\3.12.0\commons-lang3-3.12.0.jar;C:\Users\Gayathri_Kurapati\.m2\repository\org\apache\httpcomponents\client5\httpclient5\5.1.3\httpclient5-5.1.3.jar;C:\Users\Gayathri_Kurapati\.m2\repository\org\apache\httpcomponents\core5\httpcore5\5.1.3\httpcore5-5.1.3.jar;C:\Users\Gayathri_Kurapati\.m2\repository\org\apache\httpcomponents\core5\httpcore5-h2\5.1.3\httpcore5-h2-5.1.3.jar;C:\Users\Gayathri_Kurapati\.m2\repository\commons-codec\commons-codec\1.15\commons-codec-1.15.jar;C:\Users\Gayathri_Kurapati\.m2\repository\com\github\javafaker\javafaker\1.0.2\javafaker-1.0.2.jar;C:\Users\Gayathri_Kurapati\.m2\repository\org\yaml\snakeyaml\1.23\snakeyaml-1.23-android.jar;C:\Users\Gayathri_Kurapati\.m2\repository\com\github\mifmif\generex\1.0.2\generex-1.0.2.jar;C:\Users\Gayathri_Kurapati\.m2\repository\dk\brics\automaton\automaton\1.11-8\automaton-1.11-8.jar;C:\Users\Gayathri_Kurapati\.m2\repository\com\epam\reportportal\agent-java-cucumber6\5.1.2\agent-java-cucumber6-5.1.2.jar;C:\Users\Gayathri_Kurapati\.m2\repository\com\epam\reportportal\client-java\5.1.9\client-java-5.1.9.jar;C:\Users\Gayathri_Kurapati\.m2\repository\io\reactivex\rxjava2\rxjava\2.2.10\rxjava-2.2.10.jar;C:\Users\Gayathri_Kurapati\.m2\repository\com\squareup\retrofit2\retrofit\2.9.0\retrofit-2.9.0.jar;C:\Users\Gayathri_Kurapati\.m2\repository\com\squareup\okhttp3\okhttp\3.14.9\okhttp-3.14.9.jar;C:\Users\Gayathri_Kurapati\.m2\repository\com\squareup\okio\okio\1.17.2\okio-1.17.2.jar;C:\Users\Gayathri_Kurapati\.m2\repository\org\aspectj\aspectjrt\1.9.2\aspectjrt-1.9.2.jar;C:\Users\Gayathri_Kurapati\.m2\repository\com\squareup\retrofit2\converter-scalars\2.9.0\converter-scalars-2.9.0.jar;C:\Users\Gayathri_Kurapati\.m2\repository\com\squareup\retrofit2\converter-jackson\2.9.0\converter-jackson-2.9.0.jar;C:\Users\Gayathri_Kurapati\.m2\repository\com\squareup\retrofit2\adapter-rxjava2\2.9.0\adapter-rxjava2-2.9.0.jar;C:\Users\Gayathri_Kurapati\.m2\repository\com\squareup\okhttp3\logging-interceptor\3.14.9\logging-interceptor-3.14.9.jar;C:\Users\Gayathri_Kurapati\.m2\repository\org\aspectj\aspectjweaver\1.9.2\aspectjweaver-1.9.2.jar;C:\Users\Gayathri_Kurapati\.m2\repository\com\epam\reportportal\commons-model\5.0.0\commons-model-5.0.0.jar;C:\Users\Gayathri_Kurapati\.m2\repository\io\swagger\swagger-annotations\1.5.24\swagger-annotations-1.5.24.jar;C:\Users\Gayathri_Kurapati\.m2\repository\javax\validation\validation-api\2.0.1.Final\validation-api-2.0.1.Final.jar;C:\Users\Gayathri_Kurapati\.m2\repository\com\google\code\findbugs\jsr305\3.0.2\jsr305-3.0.2.jar;C:\Users\Gayathri_Kurapati\.m2\repository\io\cucumber\cucumber-gherkin\7.2.3\cucumber-gherkin-7.2.3.jar;C:\Users\Gayathri_Kurapati\.m2\repository\com\epam\reportportal\agent-java-testng\5.1.2\agent-java-testng-5.1.2.jar;"/>
    <property name="sun.cpu.endian" value="little"/>
    <property name="user.home" value="C:\Users\Gayathri_Kurapati"/>
    <property name="user.language" value="en"/>
    <property name="java.specification.vendor" value="Oracle Corporation"/>
    <property name="java.version.date" value="2022-04-22"/>
    <property name="java.home" value="C:\Users\Gayathri_Kurapati\.jdks\openjdk-18.0.1.1"/>
    <property name="file.separator" value="\"/>
    <property name="basedir" value="C:\Users\Gayathri_Kurapati\Demoproject\Framework\Amazon_Automation\Amazon_Automation"/>
    <property name="java.vm.compressedOopsMode" value="Zero based"/>
    <property name="line.separator" value="&#10;"/>
    <property name="java.vm.specification.vendor" value="Oracle Corporation"/>
    <property name="java.specification.name" value="Java Platform API Specification"/>
    <property name="surefire.real.class.path" value="C:\Users\GAYATH~1\AppData\Local\Temp\surefire16246507500652930442\surefirebooter806381881013679324.jar"/>
    <property name="user.script" value=""/>
    <property name="sun.management.compiler" value="HotSpot 64-Bit Tiered Compilers"/>
    <property name="java.runtime.version" value="18.0.1.1+2-6"/>
    <property name="user.name" value="Gayathri_Kurapati"/>
    <property name="path.separator" value=";"/>
    <property name="os.version" value="10.0"/>
    <property name="java.runtime.name" value="OpenJDK Runtime Environment"/>
    <property name="file.encoding" value="UTF-8"/>
    <property name="java.vm.name" value="OpenJDK 64-Bit Server VM"/>
    <property name="localRepository" value="C:\Users\Gayathri_Kurapati\.m2\repository"/>
    <property name="java.vendor.url.bug" value="https://bugreport.java.com/bugreport/"/>
    <property name="java.io.tmpdir" value="C:\Users\GAYATH~1\AppData\Local\Temp\"/>
    <property name="idea.version" value="2022.1.1"/>
    <property name="java.version" value="18.0.1.1"/>
    <property name="user.dir" value="C:\Users\Gayathri_Kurapati\Demoproject\Framework\Amazon_Automation\Amazon_Automation"/>
    <property name="os.arch" value="amd64"/>
    <property name="java.vm.specification.name" value="Java Virtual Machine Specification"/>
    <property name="sun.os.patch.level" value=""/>
    <property name="native.encoding" value="Cp1252"/>
    <property name="java.library.path" value="C:\Users\Gayathri_Kurapati\.jdks\openjdk-18.0.1.1\bin;C:\Windows\Sun\Java\bin;C:\Windows\system32;C:\Windows;C:\Windows\system32;C:\Windows;C:\Windows\System32\Wbem;C:\Windows\System32\WindowsPowerShell\v1.0\;C:\Windows\System32\OpenSSH\;C:\Program Files\Git\cmd;C:\Users\Gayathri_Kurapati\AppData\Local\Microsoft\WindowsApps;."/>
    <property name="java.vm.info" value="mixed mode, sharing"/>
    <property name="java.vendor" value="Oracle Corporation"/>
    <property name="java.vm.version" value="18.0.1.1+2-6"/>
    <property name="sun.io.unicode.encoding" value="UnicodeLittle"/>
    <property name="java.class.version" value="62.0"/>
  </properties>
</testsuite>